\BOOKMARK [0][-]{chapter.1}{\376\377\000I\000n\000t\000r\000o\000d\000u\000\347\000\343\000o}{}% 1
\BOOKMARK [1][-]{section.1.1}{\376\377\000O\000b\000j\000e\000t\000i\000v\000o\000\040\000G\000e\000r\000a\000l}{chapter.1}% 2
\BOOKMARK [1][-]{section.1.2}{\376\377\000O\000b\000j\000e\000t\000i\000v\000o\000s\000\040\000E\000s\000p\000e\000c\000\355\000f\000i\000c\000o\000s}{chapter.1}% 3
\BOOKMARK [1][-]{section.1.3}{\376\377\000E\000s\000t\000r\000u\000t\000u\000r\000a\000\040\000d\000o\000\040\000T\000r\000a\000b\000a\000l\000h\000o}{chapter.1}% 4
\BOOKMARK [0][-]{chapter.2}{\376\377\000S\000o\000l\000u\000\347\000\365\000e\000s\000\040\000R\000e\000l\000a\000c\000i\000o\000n\000a\000d\000a\000s}{}% 5
\BOOKMARK [1][-]{section.2.1}{\376\377\000O\000\040\000C\000e\000n\000\341\000r\000i\000o\000\040\000A\000t\000u\000a\000l\000\040\000d\000a\000s\000\040\000F\000e\000r\000r\000a\000m\000e\000n\000t\000a\000s\000\040\000d\000e\000\040\000A\000p\000r\000e\000n\000d\000i\000z\000a\000d\000o\000\040\000A\000s\000s\000i\000s\000t\000i\000d\000o\000\040\000p\000o\000r\000\040\000I\000A}{chapter.2}% 6
\BOOKMARK [2][-]{subsection.2.1.1}{\376\377\000Y\000o\000u\000L\000e\000a\000r\000n\000.\000a\000i}{section.2.1}% 7
\BOOKMARK [2][-]{subsection.2.1.2}{\376\377\000S\000t\000u\000d\000y\000F\000e\000t\000c\000h}{section.2.1}% 8
\BOOKMARK [1][-]{section.2.2}{\376\377\000V\000i\000d\000e\000o\000L\000e\000a\000r\000n\000A\000I\000:\000\040\000U\000m\000a\000\040\000A\000b\000o\000r\000d\000a\000g\000e\000m\000\040\000D\000i\000s\000t\000i\000n\000t\000a}{chapter.2}% 9
\BOOKMARK [2][-]{subsection.2.2.1}{\376\377\000C\000a\000r\000a\000c\000t\000e\000r\000\355\000s\000t\000i\000c\000a\000s\000\040\000D\000i\000s\000t\000i\000n\000t\000i\000v\000a\000s\000\040\000e\000\040\000V\000a\000n\000t\000a\000g\000e\000n\000s}{section.2.2}% 10
\BOOKMARK [0][-]{chapter.3}{\376\377\000F\000u\000n\000d\000a\000m\000e\000n\000t\000a\000\347\000\343\000o\000\040\000T\000e\000\363\000r\000i\000c\000a}{}% 11
\BOOKMARK [1][-]{section.3.1}{\376\377\000L\000a\000r\000g\000e\000\040\000L\000a\000n\000g\000u\000a\000g\000e\000\040\000M\000o\000d\000e\000l\000s\000\040\000\050\000L\000L\000M\000s\000\051}{chapter.3}% 12
\BOOKMARK [2][-]{subsection.3.1.1}{\376\377\000C\000o\000n\000c\000e\000i\000t\000o\000s\000\040\000F\000u\000n\000d\000a\000m\000e\000n\000t\000a\000i\000s}{section.3.1}% 13
\BOOKMARK [2][-]{subsection.3.1.2}{\376\377\000A\000r\000q\000u\000i\000t\000e\000t\000u\000r\000a\000\040\000e\000\040\000F\000u\000n\000c\000i\000o\000n\000a\000m\000e\000n\000t\000o}{section.3.1}% 14
\BOOKMARK [2][-]{subsection.3.1.3}{\376\377\000P\000r\000o\000m\000p\000t\000\040\000E\000n\000g\000i\000n\000e\000e\000r\000i\000n\000g}{section.3.1}% 15
\BOOKMARK [2][-]{subsection.3.1.4}{\376\377\000J\000a\000n\000e\000l\000a\000\040\000d\000e\000\040\000C\000o\000n\000t\000e\000x\000t\000o\000\040\000e\000\040\000T\000o\000k\000e\000n\000s}{section.3.1}% 16
\BOOKMARK [1][-]{section.3.2}{\376\377\000A\000p\000r\000e\000n\000d\000i\000z\000a\000g\000e\000m\000\040\000a\000t\000i\000v\000a}{chapter.3}% 17
\BOOKMARK [1][-]{section.3.3}{\376\377\000P\000r\000o\000c\000e\000s\000s\000a\000m\000e\000n\000t\000o\000\040\000d\000e\000\040\000T\000e\000x\000t\000o}{chapter.3}% 18
\BOOKMARK [2][-]{subsection.3.3.1}{\376\377\000S\000e\000g\000m\000e\000n\000t\000a\000\347\000\343\000o\000\040\000d\000e\000\040\000T\000e\000x\000t\000o}{section.3.3}% 19
\BOOKMARK [2][-]{subsection.3.3.2}{\376\377\000A\000b\000o\000r\000d\000a\000g\000e\000n\000s\000\040\000T\000r\000a\000d\000i\000c\000i\000o\000n\000a\000i\000s}{section.3.3}% 20
\BOOKMARK [2][-]{subsection.3.3.3}{\376\377\000S\000e\000g\000m\000e\000n\000t\000\040\000A\000n\000y\000\040\000T\000e\000x\000t\000\040\000\050\000S\000A\000T\000\051}{section.3.3}% 21
\BOOKMARK [1][-]{section.3.4}{\376\377\000A\000p\000l\000i\000c\000a\000\347\000\365\000e\000s\000\040\000B\000a\000s\000e\000a\000d\000a\000s\000\040\000e\000m\000\040\000L\000L\000M\000s}{chapter.3}% 22
\BOOKMARK [2][-]{subsection.3.4.1}{\376\377\000I\000n\000t\000e\000g\000r\000a\000\347\000\343\000o\000\040\000c\000o\000m\000\040\000A\000P\000I\000s\000\040\000d\000e\000\040\000L\000L\000M\000s}{section.3.4}% 23
\BOOKMARK [2][-]{subsection.3.4.2}{\376\377\000F\000u\000n\000c\000t\000i\000o\000n\000\040\000C\000a\000l\000l\000i\000n\000g}{section.3.4}% 24
\BOOKMARK [2][-]{subsection.3.4.3}{\376\377\000S\000t\000r\000e\000a\000m\000i\000n\000g\000\040\000d\000e\000\040\000R\000e\000s\000p\000o\000s\000t\000a\000s}{section.3.4}% 25
\BOOKMARK [2][-]{subsection.3.4.4}{\376\377\000R\000a\000t\000e\000\040\000L\000i\000m\000i\000t\000i\000n\000g\000\040\000e\000\040\000C\000u\000s\000t\000o\000s}{section.3.4}% 26
\BOOKMARK [1][-]{section.3.5}{\376\377\000C\000o\000m\000p\000u\000t\000a\000\347\000\343\000o\000\040\000e\000m\000\040\000N\000u\000v\000e\000m\000\040\000M\000o\000d\000e\000r\000n\000a}{chapter.3}% 27
\BOOKMARK [2][-]{subsection.3.5.1}{\376\377\000A\000r\000q\000u\000i\000t\000e\000t\000u\000r\000a\000\040\000S\000e\000r\000v\000e\000r\000l\000e\000s\000s}{section.3.5}% 28
\BOOKMARK [2][-]{subsection.3.5.2}{\376\377\000S\000e\000r\000v\000e\000r\000l\000e\000s\000s\000\040\000G\000P\000U\000\040\000C\000o\000m\000p\000u\000t\000i\000n\000g}{section.3.5}% 29
\BOOKMARK [2][-]{subsection.3.5.3}{\376\377\000D\000e\000s\000a\000f\000i\000o\000s\000\040\000d\000e\000\040\000C\000o\000l\000d\000\040\000S\000t\000a\000r\000t}{section.3.5}% 30
\BOOKMARK [2][-]{subsection.3.5.4}{\376\377\000E\000s\000t\000r\000a\000t\000\351\000g\000i\000a\000s\000\040\000d\000e\000\040\000O\000t\000i\000m\000i\000z\000a\000\347\000\343\000o}{section.3.5}% 31
\BOOKMARK [0][-]{chapter.4}{\376\377\000T\000e\000c\000n\000o\000l\000o\000g\000i\000a\000s\000\040\000u\000t\000i\000l\000i\000z\000a\000d\000a\000s}{}% 32
\BOOKMARK [1][-]{section.4.1}{\376\377\000F\000r\000a\000m\000e\000w\000o\000r\000k\000s\000\040\000e\000\040\000B\000i\000b\000l\000i\000o\000t\000e\000c\000a\000s}{chapter.4}% 33
\BOOKMARK [2][-]{subsection.4.1.1}{\376\377\000F\000a\000s\000t\000A\000P\000I}{section.4.1}% 34
\BOOKMARK [2][-]{subsection.4.1.2}{\376\377\000N\000e\000x\000t\000.\000j\000s}{section.4.1}% 35
\BOOKMARK [2][-]{subsection.4.1.3}{\376\377\000V\000e\000r\000c\000e\000l\000\040\000A\000I\000\040\000S\000D\000K}{section.4.1}% 36
\BOOKMARK [2][-]{subsection.4.1.4}{\376\377\000D\000r\000i\000z\000z\000l\000e\000\040\000O\000R\000M}{section.4.1}% 37
\BOOKMARK [2][-]{subsection.4.1.5}{\376\377\000S\000h\000a\000d\000C\000N}{section.4.1}% 38
\BOOKMARK [2][-]{subsection.4.1.6}{\376\377\000Z\000u\000s\000t\000a\000n\000d}{section.4.1}% 39
\BOOKMARK [2][-]{subsection.4.1.7}{\376\377\000S\000t\000r\000i\000p\000e}{section.4.1}% 40
\BOOKMARK [1][-]{section.4.2}{\376\377\000M\000o\000d\000e\000l\000o\000s\000\040\000d\000e\000\040\000M\000a\000c\000h\000i\000n\000e\000\040\000L\000e\000a\000r\000n\000i\000n\000g}{chapter.4}% 41
\BOOKMARK [2][-]{subsection.4.2.1}{\376\377\000A\000P\000I\000\040\000D\000e\000e\000p\000g\000r\000a\000m}{section.4.2}% 42
\BOOKMARK [2][-]{subsection.4.2.2}{\376\377\000A\000P\000I\000\040\000G\000P\000T}{section.4.2}% 43
\BOOKMARK [2][-]{subsection.4.2.3}{\376\377\000S\000e\000g\000m\000e\000n\000t\000\040\000A\000n\000y\000t\000h\000i\000n\000g\000\040\000\050\000S\000a\000T\000\051}{section.4.2}% 44
\BOOKMARK [1][-]{section.4.3}{\376\377\000I\000n\000f\000r\000a\000e\000s\000t\000r\000u\000t\000u\000r\000a\000\040\000e\000\040\000S\000e\000r\000v\000i\000\347\000o\000s\000\040\000e\000m\000\040\000N\000u\000v\000e\000m}{chapter.4}% 45
\BOOKMARK [2][-]{subsection.4.3.1}{\376\377\000O\000p\000e\000n\000\040\000N\000e\000x\000t\000.\000j\000s}{section.4.3}% 46
\BOOKMARK [2][-]{subsection.4.3.2}{\376\377\000G\000o\000o\000g\000l\000e\000\040\000C\000l\000o\000u\000d}{section.4.3}% 47
\BOOKMARK [2][-]{subsection.4.3.3}{\376\377\000B\000e\000a\000m\000\040\000S\000e\000r\000v\000e\000r\000l\000e\000s\000s\000\040\000G\000P\000U}{section.4.3}% 48
\BOOKMARK [2][-]{subsection.4.3.4}{\376\377\000S\000u\000p\000a\000b\000a\000s\000e}{section.4.3}% 49
\BOOKMARK [2][-]{subsection.4.3.5}{\376\377\000S\000e\000n\000t\000r\000y}{section.4.3}% 50
\BOOKMARK [1][-]{section.4.4}{\376\377\000F\000e\000r\000r\000a\000m\000e\000n\000t\000a\000s\000\040\000d\000e\000\040\000D\000e\000s\000e\000n\000v\000o\000l\000v\000i\000m\000e\000n\000t\000o}{chapter.4}% 51
\BOOKMARK [2][-]{subsection.4.4.1}{\376\377\000V\000i\000s\000u\000a\000l\000\040\000S\000t\000u\000d\000i\000o\000\040\000C\000o\000d\000e\000\040\000\050\000V\000S\000\040\000C\000o\000d\000e\000\051}{section.4.4}% 52
\BOOKMARK [2][-]{subsection.4.4.2}{\376\377\000C\000u\000r\000s\000o\000r}{section.4.4}% 53
\BOOKMARK [2][-]{subsection.4.4.3}{\376\377\000v\0000\000.\000d\000e\000v}{section.4.4}% 54
\BOOKMARK [2][-]{subsection.4.4.4}{\376\377\000O\000p\000e\000n\000A\000P\000I\000\040\000T\000y\000p\000e\000S\000c\000r\000i\000p\000t\000\040\000C\000o\000d\000e\000\040\000G\000e\000n\000e\000r\000a\000t\000o\000r}{section.4.4}% 55
\BOOKMARK [0][-]{chapter.5}{\376\377\000D\000e\000s\000e\000n\000v\000o\000l\000v\000i\000m\000e\000n\000t\000o\000\040\000d\000a\000\040\000A\000p\000l\000i\000c\000a\000\347\000\343\000o}{}% 56
\BOOKMARK [1][-]{section.5.1}{\376\377\000V\000i\000s\000\343\000o\000\040\000G\000e\000r\000a\000l\000\040\000d\000a\000\040\000A\000r\000q\000u\000i\000t\000e\000t\000u\000r\000a}{chapter.5}% 57
\BOOKMARK [1][-]{section.5.2}{\376\377\000M\000e\000l\000h\000o\000r\000i\000a\000\040\000d\000a\000\040\000L\000e\000g\000i\000b\000i\000l\000i\000d\000a\000d\000e\000\040\000d\000a\000s\000\040\000L\000e\000g\000e\000n\000d\000a\000s}{chapter.5}% 58
\BOOKMARK [2][-]{subsection.5.2.1}{\376\377\000O\000\040\000P\000r\000o\000b\000l\000e\000m\000a\000\040\000d\000a\000\040\000L\000e\000g\000i\000b\000i\000l\000i\000d\000a\000d\000e}{section.5.2}% 59
\BOOKMARK [2][-]{subsection.5.2.2}{\376\377\000P\000r\000i\000m\000e\000i\000r\000a\000\040\000A\000b\000o\000r\000d\000a\000g\000e\000m\000\040\000c\000o\000m\000\040\000L\000L\000M\000s}{section.5.2}% 60
\BOOKMARK [2][-]{subsection.5.2.3}{\376\377\000I\000m\000p\000l\000e\000m\000e\000n\000t\000a\000\347\000\343\000o\000\040\000c\000o\000m\000\040\000S\000a\000T\000\040\000\050\000S\000e\000g\000m\000e\000n\000t\000\040\000A\000n\000y\000t\000h\000i\000n\000g\000\040\000T\000e\000x\000t\000\051}{section.5.2}% 61
\BOOKMARK [2][-]{subsection.5.2.4}{\376\377\000I\000n\000t\000e\000r\000f\000a\000c\000e\000\040\000e\000\040\000E\000x\000p\000e\000r\000i\000\352\000n\000c\000i\000a\000\040\000d\000o\000\040\000U\000s\000u\000\341\000r\000i\000o}{section.5.2}% 62
\BOOKMARK [2][-]{subsection.5.2.5}{\376\377\000D\000e\000s\000a\000f\000i\000o\000s\000\040\000d\000e\000\040\000I\000m\000p\000l\000a\000n\000t\000a\000\347\000\343\000o\000\040\000e\000m\000\040\000P\000r\000o\000d\000u\000\347\000\343\000o}{section.5.2}% 63
\BOOKMARK [1][-]{section.5.3}{\376\377\000G\000e\000r\000a\000\347\000\343\000o\000\040\000d\000e\000\040\000C\000a\000p\000\355\000t\000u\000l\000o\000s}{chapter.5}% 64
\BOOKMARK [2][-]{subsection.5.3.1}{\376\377\000A\000l\000g\000o\000r\000i\000t\000m\000o\000\040\000e\000\040\000I\000m\000p\000l\000e\000m\000e\000n\000t\000a\000\347\000\343\000o}{section.5.3}% 65
\BOOKMARK [2][-]{subsection.5.3.2}{\376\377\000I\000n\000t\000e\000g\000r\000a\000\347\000\343\000o\000\040\000c\000o\000m\000\040\000L\000L\000M\000s}{section.5.3}% 66
\BOOKMARK [2][-]{subsection.5.3.3}{\376\377\000T\000a\000b\000e\000l\000a\000\040\000d\000e\000\040\000C\000o\000n\000t\000e\000\372\000d\000o\000s}{section.5.3}% 67
\BOOKMARK [2][-]{subsection.5.3.4}{\376\377\000\332\000l\000t\000i\000m\000o\000s\000\040\000V\000\355\000d\000e\000o\000s\000\040\000V\000i\000s\000t\000o\000s}{section.5.3}% 68
\BOOKMARK [1][-]{section.5.4}{\376\377\000T\000r\000a\000n\000s\000c\000r\000i\000\347\000\343\000o}{chapter.5}% 69
\BOOKMARK [2][-]{subsection.5.4.1}{\376\377\000P\000r\000i\000m\000e\000i\000r\000a\000\040\000i\000m\000p\000l\000e\000m\000e\000n\000t\000a\000\347\000\343\000o\000\040\000c\000o\000m\000\040\000W\000h\000i\000s\000p\000e\000r}{section.5.4}% 70
\BOOKMARK [2][-]{subsection.5.4.2}{\376\377\000M\000i\000g\000r\000a\000\347\000\343\000o\000\040\000p\000a\000r\000a\000\040\000o\000\040\000D\000e\000e\000p\000g\000r\000a\000m}{section.5.4}% 71
\BOOKMARK [2][-]{subsection.5.4.3}{\376\377\000V\000a\000n\000t\000a\000g\000e\000n\000s\000\040\000a\000d\000i\000c\000i\000o\000n\000a\000i\000s\000\040\000d\000o\000\040\000D\000e\000e\000p\000g\000r\000a\000m}{section.5.4}% 72
\BOOKMARK [2][-]{subsection.5.4.4}{\376\377\000I\000n\000t\000e\000r\000f\000a\000c\000e\000\040\000e\000\040\000E\000x\000p\000e\000r\000i\000\352\000n\000c\000i\000a\000\040\000d\000o\000\040\000U\000s\000u\000\341\000r\000i\000o}{section.5.4}% 73
\BOOKMARK [1][-]{section.5.5}{\376\377\000G\000e\000r\000a\000\347\000\343\000o\000\040\000d\000e\000\040\000Q\000u\000i\000z\000z\000e\000s}{chapter.5}% 74
\BOOKMARK [2][-]{subsection.5.5.1}{\376\377\000Q\000u\000e\000s\000t\000\365\000e\000s\000\040\000d\000i\000s\000c\000u\000r\000s\000i\000v\000a\000s}{section.5.5}% 75
\BOOKMARK [2][-]{subsection.5.5.2}{\376\377\000Q\000u\000e\000s\000t\000\365\000e\000s\000\040\000d\000e\000\040\000V\000e\000r\000d\000a\000d\000e\000i\000r\000o\000\040\000o\000u\000\040\000F\000a\000l\000s\000o}{section.5.5}% 76
\BOOKMARK [1][-]{section.5.6}{\376\377\000P\000r\000o\000m\000p\000t\000\040\000p\000o\000r\000\040\000c\000a\000p\000\355\000t\000u\000l\000o}{chapter.5}% 77
\BOOKMARK [1][-]{section.5.7}{\376\377\000B\000a\000t\000e\000-\000P\000a\000p\000o\000\040\000c\000o\000m\000\040\000V\000\355\000d\000e\000o}{chapter.5}% 78
\BOOKMARK [2][-]{subsection.5.7.1}{\376\377\000V\000i\000s\000\343\000o\000\040\000G\000e\000r\000a\000l}{section.5.7}% 79
\BOOKMARK [2][-]{subsection.5.7.2}{\376\377\000I\000n\000t\000e\000r\000f\000a\000c\000e\000\040\000d\000o\000\040\000U\000s\000u\000\341\000r\000i\000o}{section.5.7}% 80
\BOOKMARK [2][-]{subsection.5.7.3}{\376\377\000G\000e\000r\000e\000n\000c\000i\000a\000m\000e\000n\000t\000o\000\040\000d\000e\000\040\000C\000o\000n\000t\000e\000x\000t\000o\000\040\000e\000\040\000T\000o\000k\000e\000n\000s}{section.5.7}% 81
\BOOKMARK [2][-]{subsection.5.7.4}{\376\377\000I\000m\000p\000l\000e\000m\000e\000n\000t\000a\000\347\000\343\000o\000\040\000T\000\351\000c\000n\000i\000c\000a}{section.5.7}% 82
\BOOKMARK [2][-]{subsection.5.7.5}{\376\377\000B\000e\000n\000e\000f\000\355\000c\000i\000o\000s\000\040\000e\000\040\000C\000a\000r\000a\000c\000t\000e\000r\000\355\000s\000t\000i\000c\000a\000s}{section.5.7}% 83
\BOOKMARK [1][-]{section.5.8}{\376\377\000D\000e\000s\000a\000f\000i\000o\000s\000\040\000e\000\040\000S\000o\000l\000u\000\347\000\365\000e\000s}{chapter.5}% 84
\BOOKMARK [2][-]{subsection.5.8.1}{\376\377\000O\000b\000t\000e\000n\000\347\000\343\000o\000\040\000d\000o\000s\000\040\000d\000a\000d\000o\000s\000\040\000d\000o\000\040\000y\000o\000u\000t\000u\000b\000e}{section.5.8}% 85
\BOOKMARK [2][-]{subsection.5.8.2}{\376\377\000U\000t\000i\000l\000i\000z\000a\000\347\000\343\000o\000\040\000d\000e\000\040\000G\000P\000U\000'\000s\000\040\000e\000m\000\040\000p\000r\000o\000d\000u\000\347\000\343\000o}{section.5.8}% 86
\BOOKMARK [0][-]{chapter.6}{\376\377\000C\000O\000N\000C\000L\000U\000S\000\303\000O}{}% 87
\BOOKMARK [1][-]{section.6.1}{\376\377\000O\000b\000j\000e\000t\000i\000v\000o\000s\000\040\000A\000l\000c\000a\000n\000\347\000a\000d\000o\000s}{chapter.6}% 88
\BOOKMARK [1][-]{section.6.2}{\376\377\000T\000r\000a\000b\000a\000l\000h\000o\000s\000\040\000F\000u\000t\000u\000r\000o\000s}{chapter.6}% 89
\BOOKMARK [2][-]{subsection.6.2.1}{\376\377\000D\000i\000a\000r\000i\000z\000a\000\347\000\343\000o\000\040\000e\000\040\000A\000n\000\341\000l\000i\000s\000e\000\040\000d\000e\000\040\000M\000\372\000l\000t\000i\000p\000l\000o\000s\000\040\000F\000a\000l\000a\000n\000t\000e\000s}{section.6.2}% 90
\BOOKMARK [2][-]{subsection.6.2.2}{\376\377\000O\000t\000i\000m\000i\000z\000a\000\347\000\365\000e\000s\000\040\000T\000\351\000c\000n\000i\000c\000a\000s}{section.6.2}% 91
\BOOKMARK [2][-]{subsection.6.2.3}{\376\377\000E\000x\000p\000a\000n\000s\000\343\000o\000\040\000d\000e\000\040\000F\000u\000n\000c\000i\000o\000n\000a\000l\000i\000d\000a\000d\000e\000s}{section.6.2}% 92
\BOOKMARK [2][-]{subsection.6.2.4}{\376\377\000M\000e\000l\000h\000o\000r\000i\000a\000s\000\040\000n\000a\000\040\000E\000x\000p\000e\000r\000i\000\352\000n\000c\000i\000a\000\040\000d\000o\000\040\000U\000s\000u\000\341\000r\000i\000o}{section.6.2}% 93
\BOOKMARK [0][-]{subsection.6.2.4}{\376\377\000R\000e\000f\000e\000r\000\352\000n\000c\000i\000a\000s}{}% 94
\BOOKMARK [0][-]{chapter.1}{\376\377\000U\000m\000\040\000A\000p\000\352\000n\000d\000i\000c\000e}{}% 95
\BOOKMARK [0][-]{chapter.1}{\376\377\000U\000m\000\040\000A\000n\000e\000x\000o}{}% 96
